2020-10-22 13:26:57,947 train_1.py
2020-10-22 13:26:57,947 Namespace(check_iter=4000, data_dir='../dataset', grid_size=[480, 360, 32], model='traditional', model_save_path='./SemKITTI_PolarSeg.pt', train_batch_size=2, val_batch_size=4)
2020-10-22 13:27:39,376 

 #### Epoch : 1


2020-10-22 13:27:41,352 Validating
2020-10-22 13:48:49,256 

Validation per class iou: 
2020-10-22 13:48:49,257 car : 0.08%
2020-10-22 13:48:49,257 bicycle : 0.11%
2020-10-22 13:48:49,257 motorcycle : 0.00%
2020-10-22 13:48:49,257 truck : 0.02%
2020-10-22 13:48:49,257 bus : 0.00%
2020-10-22 13:48:49,257 person : 0.10%
2020-10-22 13:48:49,257 bicyclist : 0.12%
2020-10-22 13:48:49,257 motorcyclist : 0.00%
2020-10-22 13:48:49,257 road : 1.00%
2020-10-22 13:48:49,257 parking : 0.08%
2020-10-22 13:48:49,257 sidewalk : 0.00%
2020-10-22 13:48:49,257 other-ground : 0.05%
2020-10-22 13:48:49,257 building : 9.40%
2020-10-22 13:48:49,257 fence : 4.48%
2020-10-22 13:48:49,257 vegetation : 7.21%
2020-10-22 13:48:49,257 trunk : 0.06%
2020-10-22 13:48:49,257 terrain : 18.03%
2020-10-22 13:48:49,257 pole : 0.49%
2020-10-22 13:48:49,257 traffic-sign : 0.00%
2020-10-22 13:48:50,216 Current val miou is 2.170 while the best val miou is 2.170
2020-10-22 13:48:50,216 Current val loss is 3.875
2020-10-22 13:48:50,216 epoch 0 iter     0, loss: nan

2020-10-22 13:48:50,216 0 exceptions encountered during last training

2020-10-22 16:14:09,206 Validating
2020-10-22 16:35:25,519 

Validation per class iou: 
2020-10-22 16:35:25,519 car : 84.64%
2020-10-22 16:35:25,519 bicycle : 0.00%
2020-10-22 16:35:25,520 motorcycle : 0.00%
2020-10-22 16:35:25,520 truck : 0.73%
2020-10-22 16:35:25,520 bus : 3.11%
2020-10-22 16:35:25,520 person : 13.31%
2020-10-22 16:35:25,520 bicyclist : 0.01%
2020-10-22 16:35:25,520 motorcyclist : 0.00%
2020-10-22 16:35:25,520 road : 82.49%
2020-10-22 16:35:25,520 parking : 13.64%
2020-10-22 16:35:25,520 sidewalk : 61.22%
2020-10-22 16:35:25,520 other-ground : 0.00%
2020-10-22 16:35:25,520 building : 81.88%
2020-10-22 16:35:25,520 fence : 23.70%
2020-10-22 16:35:25,520 vegetation : 80.69%
2020-10-22 16:35:25,520 trunk : 47.66%
2020-10-22 16:35:25,520 terrain : 64.53%
2020-10-22 16:35:25,520 pole : 42.79%
2020-10-22 16:35:25,520 traffic-sign : 28.27%
2020-10-22 16:35:25,770 Current val miou is 33.087 while the best val miou is 33.087
2020-10-22 16:35:25,770 Current val loss is 1.126
2020-10-22 16:35:25,771 epoch 0 iter  4000, loss: 1.376

2020-10-22 16:35:25,771 0 exceptions encountered during last training

2020-10-22 19:00:58,803 Validating
2020-10-22 19:22:26,528 

Validation per class iou: 
2020-10-22 19:22:26,529 car : 89.19%
2020-10-22 19:22:26,529 bicycle : 7.46%
2020-10-22 19:22:26,529 motorcycle : 12.64%
2020-10-22 19:22:26,529 truck : 10.87%
2020-10-22 19:22:26,529 bus : 25.83%
2020-10-22 19:22:26,529 person : 32.51%
2020-10-22 19:22:26,529 bicyclist : 34.55%
2020-10-22 19:22:26,529 motorcyclist : 0.00%
2020-10-22 19:22:26,530 road : 84.80%
2020-10-22 19:22:26,530 parking : 22.28%
2020-10-22 19:22:26,530 sidewalk : 58.90%
2020-10-22 19:22:26,530 other-ground : 0.32%
2020-10-22 19:22:26,530 building : 84.06%
2020-10-22 19:22:26,530 fence : 33.38%
2020-10-22 19:22:26,530 vegetation : 81.31%
2020-10-22 19:22:26,530 trunk : 46.74%
2020-10-22 19:22:26,530 terrain : 65.28%
2020-10-22 19:22:26,530 pole : 48.32%
2020-10-22 19:22:26,530 traffic-sign : 28.59%
2020-10-22 19:22:26,641 Current val miou is 40.370 while the best val miou is 40.370
2020-10-22 19:22:26,642 Current val loss is 1.051
2020-10-22 19:22:26,642 epoch 0 iter  8000, loss: 1.048

2020-10-22 19:22:26,643 0 exceptions encountered during last training

2020-10-22 20:19:23,931 

 #### Epoch : 2


2020-10-22 21:47:51,814 Validating
2020-10-22 22:09:02,333 

Validation per class iou: 
2020-10-22 22:09:02,351 car : 84.18%
2020-10-22 22:09:02,351 bicycle : 6.16%
2020-10-22 22:09:02,351 motorcycle : 16.90%
2020-10-22 22:09:02,351 truck : 16.01%
2020-10-22 22:09:02,351 bus : 13.28%
2020-10-22 22:09:02,351 person : 26.55%
2020-10-22 22:09:02,351 bicyclist : 37.09%
2020-10-22 22:09:02,351 motorcyclist : 0.00%
2020-10-22 22:09:02,351 road : 84.97%
2020-10-22 22:09:02,351 parking : 31.20%
2020-10-22 22:09:02,351 sidewalk : 56.07%
2020-10-22 22:09:02,352 other-ground : 0.34%
2020-10-22 22:09:02,352 building : 84.97%
2020-10-22 22:09:02,352 fence : 26.17%
2020-10-22 22:09:02,352 vegetation : 80.03%
2020-10-22 22:09:02,352 trunk : 39.28%
2020-10-22 22:09:02,352 terrain : 57.67%
2020-10-22 22:09:02,352 pole : 44.28%
2020-10-22 22:09:02,352 traffic-sign : 32.20%
2020-10-22 22:09:02,353 Current val miou is 38.809 while the best val miou is 40.370
2020-10-22 22:09:02,354 Current val loss is 1.062
2020-10-22 22:09:02,354 epoch 1 iter  2435, loss: 0.932

2020-10-22 22:09:02,354 0 exceptions encountered during last training

2020-10-23 00:34:11,275 Validating
2020-10-23 00:55:30,373 

Validation per class iou: 
2020-10-23 00:55:30,373 car : 90.16%
2020-10-23 00:55:30,373 bicycle : 8.52%
2020-10-23 00:55:30,373 motorcycle : 29.99%
2020-10-23 00:55:30,373 truck : 12.48%
2020-10-23 00:55:30,374 bus : 25.92%
2020-10-23 00:55:30,374 person : 32.83%
2020-10-23 00:55:30,374 bicyclist : 28.17%
2020-10-23 00:55:30,374 motorcyclist : 0.00%
2020-10-23 00:55:30,374 road : 83.82%
2020-10-23 00:55:30,374 parking : 26.26%
2020-10-23 00:55:30,374 sidewalk : 64.79%
2020-10-23 00:55:30,374 other-ground : 0.88%
2020-10-23 00:55:30,374 building : 74.16%
2020-10-23 00:55:30,374 fence : 34.79%
2020-10-23 00:55:30,374 vegetation : 81.06%
2020-10-23 00:55:30,374 trunk : 51.73%
2020-10-23 00:55:30,374 terrain : 68.74%
2020-10-23 00:55:30,374 pole : 49.94%
2020-10-23 00:55:30,374 traffic-sign : 33.58%
2020-10-23 00:55:30,588 Current val miou is 41.990 while the best val miou is 41.990
2020-10-23 00:55:30,588 Current val loss is 1.050
2020-10-23 00:55:30,589 epoch 1 iter  6435, loss: 0.887

2020-10-23 00:55:30,589 0 exceptions encountered during last training

2020-10-23 02:49:05,081 

 #### Epoch : 3


2020-10-23 03:20:42,993 Validating
2020-10-23 03:41:44,997 

Validation per class iou: 
2020-10-23 03:41:44,997 car : 89.12%
2020-10-23 03:41:44,997 bicycle : 14.05%
2020-10-23 03:41:44,997 motorcycle : 32.24%
2020-10-23 03:41:44,997 truck : 10.61%
2020-10-23 03:41:44,998 bus : 21.23%
2020-10-23 03:41:44,998 person : 35.58%
2020-10-23 03:41:44,998 bicyclist : 46.96%
2020-10-23 03:41:44,998 motorcyclist : 0.00%
2020-10-23 03:41:44,998 road : 88.92%
2020-10-23 03:41:44,998 parking : 33.79%
2020-10-23 03:41:44,998 sidewalk : 72.29%
2020-10-23 03:41:44,998 other-ground : 0.97%
2020-10-23 03:41:44,998 building : 87.16%
2020-10-23 03:41:44,998 fence : 33.97%
2020-10-23 03:41:44,998 vegetation : 83.24%
2020-10-23 03:41:44,998 trunk : 56.67%
2020-10-23 03:41:44,998 terrain : 71.70%
2020-10-23 03:41:44,998 pole : 52.94%
2020-10-23 03:41:44,998 traffic-sign : 31.90%
2020-10-23 03:41:45,191 Current val miou is 45.440 while the best val miou is 45.440
2020-10-23 03:41:45,192 Current val loss is 0.915
2020-10-23 03:41:45,192 epoch 2 iter   870, loss: 0.831

2020-10-23 03:41:45,192 0 exceptions encountered during last training

2020-10-23 06:06:47,634 Validating
2020-10-23 06:28:16,741 

Validation per class iou: 
2020-10-23 06:28:16,742 car : 91.26%
2020-10-23 06:28:16,742 bicycle : 14.91%
2020-10-23 06:28:16,742 motorcycle : 30.11%
2020-10-23 06:28:16,742 truck : 20.69%
2020-10-23 06:28:16,742 bus : 23.12%
2020-10-23 06:28:16,742 person : 38.67%
2020-10-23 06:28:16,742 bicyclist : 44.57%
2020-10-23 06:28:16,742 motorcyclist : 0.00%
2020-10-23 06:28:16,742 road : 86.13%
2020-10-23 06:28:16,742 parking : 34.51%
2020-10-23 06:28:16,742 sidewalk : 67.14%
2020-10-23 06:28:16,742 other-ground : 0.76%
2020-10-23 06:28:16,742 building : 86.39%
2020-10-23 06:28:16,742 fence : 35.49%
2020-10-23 06:28:16,742 vegetation : 81.94%
2020-10-23 06:28:16,742 trunk : 52.93%
2020-10-23 06:28:16,742 terrain : 69.23%
2020-10-23 06:28:16,742 pole : 50.86%
2020-10-23 06:28:16,742 traffic-sign : 31.83%
2020-10-23 06:28:16,743 Current val miou is 45.291 while the best val miou is 45.440
2020-10-23 06:28:16,743 Current val loss is 0.943
2020-10-23 06:28:16,743 epoch 2 iter  4870, loss: 0.815

2020-10-23 06:28:16,743 0 exceptions encountered during last training

2020-10-23 08:53:16,258 Validating
2020-10-23 09:14:14,701 

Validation per class iou: 
2020-10-23 09:14:14,723 car : 90.59%
2020-10-23 09:14:14,723 bicycle : 15.73%
2020-10-23 09:14:14,723 motorcycle : 19.86%
2020-10-23 09:14:14,723 truck : 27.63%
2020-10-23 09:14:14,723 bus : 23.34%
2020-10-23 09:14:14,723 person : 22.54%
2020-10-23 09:14:14,723 bicyclist : 12.65%
2020-10-23 09:14:14,723 motorcyclist : 0.00%
2020-10-23 09:14:14,724 road : 81.96%
2020-10-23 09:14:14,724 parking : 25.70%
2020-10-23 09:14:14,724 sidewalk : 55.23%
2020-10-23 09:14:14,724 other-ground : 0.54%
2020-10-23 09:14:14,724 building : 82.37%
2020-10-23 09:14:14,724 fence : 31.81%
2020-10-23 09:14:14,724 vegetation : 80.77%
2020-10-23 09:14:14,724 trunk : 34.00%
2020-10-23 09:14:14,724 terrain : 55.03%
2020-10-23 09:14:14,724 pole : 41.62%
2020-10-23 09:14:14,724 traffic-sign : 33.27%
2020-10-23 09:14:14,724 Current val miou is 38.666 while the best val miou is 45.440
2020-10-23 09:14:14,724 Current val loss is 1.052
2020-10-23 09:14:14,725 epoch 2 iter  8870, loss: 0.786

2020-10-23 09:14:14,725 0 exceptions encountered during last training

2020-10-23 09:39:25,095 

 #### Epoch : 4


2020-10-23 11:39:12,996 Validating
2020-10-23 12:00:12,437 

Validation per class iou: 
2020-10-23 12:00:12,468 car : 90.83%
2020-10-23 12:00:12,468 bicycle : 9.80%
2020-10-23 12:00:12,468 motorcycle : 17.31%
2020-10-23 12:00:12,468 truck : 27.62%
2020-10-23 12:00:12,468 bus : 21.39%
2020-10-23 12:00:12,468 person : 14.06%
2020-10-23 12:00:12,468 bicyclist : 10.76%
2020-10-23 12:00:12,468 motorcyclist : 0.00%
2020-10-23 12:00:12,468 road : 83.09%
2020-10-23 12:00:12,468 parking : 26.16%
2020-10-23 12:00:12,468 sidewalk : 53.90%
2020-10-23 12:00:12,468 other-ground : 0.60%
2020-10-23 12:00:12,468 building : 79.60%
2020-10-23 12:00:12,468 fence : 26.59%
2020-10-23 12:00:12,469 vegetation : 74.16%
2020-10-23 12:00:12,469 trunk : 18.16%
2020-10-23 12:00:12,469 terrain : 51.05%
2020-10-23 12:00:12,469 pole : 31.03%
2020-10-23 12:00:12,469 traffic-sign : 32.24%
2020-10-23 12:00:12,469 Current val miou is 35.176 while the best val miou is 45.440
2020-10-23 12:00:12,469 Current val loss is 1.124
2020-10-23 12:00:12,470 epoch 3 iter  3305, loss: 0.763

2020-10-23 12:00:12,470 0 exceptions encountered during last training

2020-10-23 14:25:07,084 Validating
2020-10-23 14:46:05,395 

Validation per class iou: 
2020-10-23 14:46:05,413 car : 91.05%
2020-10-23 14:46:05,413 bicycle : 17.67%
2020-10-23 14:46:05,413 motorcycle : 26.82%
2020-10-23 14:46:05,413 truck : 22.49%
2020-10-23 14:46:05,413 bus : 19.40%
2020-10-23 14:46:05,413 person : 31.79%
2020-10-23 14:46:05,413 bicyclist : 30.51%
2020-10-23 14:46:05,413 motorcyclist : 0.00%
2020-10-23 14:46:05,413 road : 86.36%
2020-10-23 14:46:05,413 parking : 33.74%
2020-10-23 14:46:05,413 sidewalk : 66.55%
2020-10-23 14:46:05,414 other-ground : 0.74%
2020-10-23 14:46:05,414 building : 83.36%
2020-10-23 14:46:05,414 fence : 30.43%
2020-10-23 14:46:05,414 vegetation : 78.04%
2020-10-23 14:46:05,414 trunk : 43.72%
2020-10-23 14:46:05,414 terrain : 67.78%
2020-10-23 14:46:05,414 pole : 43.24%
2020-10-23 14:46:05,414 traffic-sign : 33.37%
2020-10-23 14:46:05,414 Current val miou is 42.477 while the best val miou is 45.440
2020-10-23 14:46:05,415 Current val loss is 0.977
2020-10-23 14:46:05,415 epoch 3 iter  7305, loss: 0.747

2020-10-23 14:46:05,415 0 exceptions encountered during last training

2020-10-23 16:07:58,353 

 #### Epoch : 5


2020-10-23 17:11:04,424 Validating
2020-10-23 17:32:00,011 

Validation per class iou: 
2020-10-23 17:32:00,011 car : 92.03%
2020-10-23 17:32:00,011 bicycle : 24.98%
2020-10-23 17:32:00,011 motorcycle : 35.59%
2020-10-23 17:32:00,011 truck : 40.55%
2020-10-23 17:32:00,011 bus : 29.18%
2020-10-23 17:32:00,011 person : 38.45%
2020-10-23 17:32:00,011 bicyclist : 53.99%
2020-10-23 17:32:00,011 motorcyclist : 0.00%
2020-10-23 17:32:00,011 road : 85.42%
2020-10-23 17:32:00,011 parking : 28.20%
2020-10-23 17:32:00,012 sidewalk : 61.95%
2020-10-23 17:32:00,012 other-ground : 0.61%
2020-10-23 17:32:00,012 building : 86.73%
2020-10-23 17:32:00,012 fence : 30.22%
2020-10-23 17:32:00,012 vegetation : 79.13%
2020-10-23 17:32:00,012 trunk : 45.11%
2020-10-23 17:32:00,012 terrain : 63.52%
2020-10-23 17:32:00,012 pole : 47.90%
2020-10-23 17:32:00,012 traffic-sign : 37.86%
2020-10-23 17:32:00,184 Current val miou is 46.390 while the best val miou is 46.390
2020-10-23 17:32:00,185 Current val loss is 0.979
2020-10-23 17:32:00,185 epoch 4 iter  1740, loss: 0.730

2020-10-23 17:32:00,185 0 exceptions encountered during last training

2020-10-23 19:56:54,851 Validating
2020-10-23 20:17:55,643 

Validation per class iou: 
2020-10-23 20:17:55,643 car : 92.17%
2020-10-23 20:17:55,643 bicycle : 24.27%
2020-10-23 20:17:55,643 motorcycle : 34.26%
2020-10-23 20:17:55,643 truck : 17.66%
2020-10-23 20:17:55,643 bus : 33.32%
2020-10-23 20:17:55,643 person : 45.67%
2020-10-23 20:17:55,643 bicyclist : 19.46%
2020-10-23 20:17:55,644 motorcyclist : 0.00%
2020-10-23 20:17:55,644 road : 85.89%
2020-10-23 20:17:55,644 parking : 23.46%
2020-10-23 20:17:55,644 sidewalk : 62.21%
2020-10-23 20:17:55,644 other-ground : 2.74%
2020-10-23 20:17:55,644 building : 88.85%
2020-10-23 20:17:55,644 fence : 33.34%
2020-10-23 20:17:55,644 vegetation : 82.03%
2020-10-23 20:17:55,644 trunk : 49.76%
2020-10-23 20:17:55,644 terrain : 63.99%
2020-10-23 20:17:55,644 pole : 48.77%
2020-10-23 20:17:55,644 traffic-sign : 35.74%
2020-10-23 20:17:55,644 Current val miou is 44.399 while the best val miou is 46.390
2020-10-23 20:17:55,645 Current val loss is 0.939
2020-10-23 20:17:55,645 epoch 4 iter  5740, loss: 0.716

2020-10-23 20:17:55,645 0 exceptions encountered during last training

2020-10-23 22:36:33,993 

 #### Epoch : 6


2020-10-23 22:42:56,601 Validating
2020-10-23 23:04:06,687 

Validation per class iou: 
2020-10-23 23:04:06,687 car : 91.70%
2020-10-23 23:04:06,687 bicycle : 22.30%
2020-10-23 23:04:06,688 motorcycle : 31.68%
2020-10-23 23:04:06,688 truck : 32.89%
2020-10-23 23:04:06,688 bus : 20.34%
2020-10-23 23:04:06,688 person : 43.36%
2020-10-23 23:04:06,688 bicyclist : 56.94%
2020-10-23 23:04:06,688 motorcyclist : 0.00%
2020-10-23 23:04:06,688 road : 86.34%
2020-10-23 23:04:06,688 parking : 31.71%
2020-10-23 23:04:06,688 sidewalk : 62.79%
2020-10-23 23:04:06,688 other-ground : 0.39%
2020-10-23 23:04:06,688 building : 86.59%
2020-10-23 23:04:06,688 fence : 30.90%
2020-10-23 23:04:06,688 vegetation : 78.31%
2020-10-23 23:04:06,688 trunk : 44.21%
2020-10-23 23:04:06,688 terrain : 63.19%
2020-10-23 23:04:06,688 pole : 45.48%
2020-10-23 23:04:06,688 traffic-sign : 36.53%
2020-10-23 23:04:06,688 Current val miou is 45.561 while the best val miou is 46.390
2020-10-23 23:04:06,689 Current val loss is 0.967
2020-10-23 23:04:06,689 epoch 5 iter   175, loss: 0.689

2020-10-23 23:04:06,689 0 exceptions encountered during last training

