2020-11-10 14:40:13,426 train_exp3_polarBEV_OgSalsaNext.py
2020-11-10 14:40:13,426 Namespace(check_iter=4000, data_dir='../dataset', grid_size=[480, 360, 32], model='polar', model_save_path='./SemKITTI_PolarSeg_exp3.pt', train_batch_size=2, val_batch_size=4)
2020-11-10 14:40:13,426  

Model : polar


2020-11-10 14:41:01,824 Polar DataLoaders
2020-11-10 14:41:01,824 

 #### Epoch : 1


2020-11-10 14:41:04,517 Validating
2020-11-10 15:02:28,380 

Validation per class iou: 
2020-11-10 15:02:28,381 car : 8.54%
2020-11-10 15:02:28,381 bicycle : 0.00%
2020-11-10 15:02:28,381 motorcycle : 0.09%
2020-11-10 15:02:28,381 truck : 0.23%
2020-11-10 15:02:28,381 bus : 0.04%
2020-11-10 15:02:28,381 person : 0.00%
2020-11-10 15:02:28,381 bicyclist : 0.00%
2020-11-10 15:02:28,381 motorcyclist : 0.01%
2020-11-10 15:02:28,381 road : 20.87%
2020-11-10 15:02:28,382 parking : 0.00%
2020-11-10 15:02:28,382 sidewalk : 7.26%
2020-11-10 15:02:28,382 other-ground : 0.00%
2020-11-10 15:02:28,382 building : 0.48%
2020-11-10 15:02:28,382 fence : 2.85%
2020-11-10 15:02:28,382 vegetation : 0.25%
2020-11-10 15:02:28,382 trunk : 0.14%
2020-11-10 15:02:28,382 terrain : 0.50%
2020-11-10 15:02:28,382 pole : 0.06%
2020-11-10 15:02:28,382 traffic-sign : 0.03%
2020-11-10 15:02:28,534 Current val miou is 2.176 while the best val miou is 2.176
2020-11-10 15:02:28,535 Current val loss is 3.859
2020-11-10 15:02:28,535 epoch 0 iter     0, loss: nan

2020-11-10 15:02:28,535 0 exceptions encountered during last training

2020-11-10 17:29:28,085 Validating
2020-11-10 17:50:56,636 

Validation per class iou: 
2020-11-10 17:50:56,651 car : 85.08%
2020-11-10 17:50:56,651 bicycle : 3.06%
2020-11-10 17:50:56,651 motorcycle : 0.29%
2020-11-10 17:50:56,651 truck : 1.00%
2020-11-10 17:50:56,652 bus : 4.23%
2020-11-10 17:50:56,652 person : 3.25%
2020-11-10 17:50:56,652 bicyclist : 0.94%
2020-11-10 17:50:56,652 motorcyclist : 0.00%
2020-11-10 17:50:56,652 road : 89.91%
2020-11-10 17:50:56,652 parking : 24.55%
2020-11-10 17:50:56,652 sidewalk : 74.36%
2020-11-10 17:50:56,652 other-ground : 0.10%
2020-11-10 17:50:56,652 building : 86.61%
2020-11-10 17:50:56,652 fence : 41.01%
2020-11-10 17:50:56,652 vegetation : 84.22%
2020-11-10 17:50:56,652 trunk : 51.21%
2020-11-10 17:50:56,652 terrain : 72.41%
2020-11-10 17:50:56,652 pole : 50.20%
2020-11-10 17:50:56,652 traffic-sign : 29.50%
2020-11-10 17:50:57,123 Current val miou is 36.944 while the best val miou is 36.944
2020-11-10 17:50:57,123 Current val loss is 0.988
2020-11-10 17:50:57,123 epoch 0 iter  4000, loss: 1.203

2020-11-10 17:50:57,124 0 exceptions encountered during last training

2020-11-10 20:18:17,895 Validating
2020-11-10 20:39:45,878 

Validation per class iou: 
2020-11-10 20:39:45,879 car : 88.73%
2020-11-10 20:39:45,879 bicycle : 8.53%
2020-11-10 20:39:45,879 motorcycle : 8.87%
2020-11-10 20:39:45,879 truck : 7.18%
2020-11-10 20:39:45,879 bus : 21.62%
2020-11-10 20:39:45,879 person : 30.33%
2020-11-10 20:39:45,879 bicyclist : 26.69%
2020-11-10 20:39:45,879 motorcyclist : 0.00%
2020-11-10 20:39:45,879 road : 91.48%
2020-11-10 20:39:45,879 parking : 36.66%
2020-11-10 20:39:45,879 sidewalk : 74.89%
2020-11-10 20:39:45,879 other-ground : 1.48%
2020-11-10 20:39:45,879 building : 88.01%
2020-11-10 20:39:45,879 fence : 44.22%
2020-11-10 20:39:45,880 vegetation : 85.14%
2020-11-10 20:39:45,880 trunk : 58.01%
2020-11-10 20:39:45,880 terrain : 73.35%
2020-11-10 20:39:45,880 pole : 55.53%
2020-11-10 20:39:45,880 traffic-sign : 32.55%
2020-11-10 20:39:46,059 Current val miou is 43.856 while the best val miou is 43.856
2020-11-10 20:39:46,060 Current val loss is 0.891
2020-11-10 20:39:46,060 epoch 0 iter  8000, loss: 0.906

2020-11-10 20:39:46,060 0 exceptions encountered during last training

2020-11-10 21:37:25,732 

 #### Epoch : 2


2020-11-10 23:07:21,412 Validating
2020-11-10 23:28:52,228 

Validation per class iou: 
2020-11-10 23:28:52,228 car : 89.94%
2020-11-10 23:28:52,228 bicycle : 16.61%
2020-11-10 23:28:52,228 motorcycle : 20.95%
2020-11-10 23:28:52,228 truck : 23.17%
2020-11-10 23:28:52,228 bus : 20.11%
2020-11-10 23:28:52,228 person : 38.37%
2020-11-10 23:28:52,228 bicyclist : 48.96%
2020-11-10 23:28:52,228 motorcyclist : 0.00%
2020-11-10 23:28:52,228 road : 91.86%
2020-11-10 23:28:52,228 parking : 38.31%
2020-11-10 23:28:52,229 sidewalk : 76.17%
2020-11-10 23:28:52,229 other-ground : 2.04%
2020-11-10 23:28:52,229 building : 88.99%
2020-11-10 23:28:52,229 fence : 44.52%
2020-11-10 23:28:52,229 vegetation : 86.25%
2020-11-10 23:28:52,229 trunk : 57.59%
2020-11-10 23:28:52,229 terrain : 75.28%
2020-11-10 23:28:52,229 pole : 58.03%
2020-11-10 23:28:52,229 traffic-sign : 35.95%
2020-11-10 23:28:52,446 Current val miou is 48.058 while the best val miou is 48.058
2020-11-10 23:28:52,446 Current val loss is 0.837
2020-11-10 23:28:52,447 epoch 1 iter  2435, loss: 0.813

2020-11-10 23:28:52,447 0 exceptions encountered during last training

2020-11-11 01:56:10,611 Validating
2020-11-11 02:17:41,637 

Validation per class iou: 
2020-11-11 02:17:41,645 car : 87.63%
2020-11-11 02:17:41,645 bicycle : 13.17%
2020-11-11 02:17:41,645 motorcycle : 17.30%
2020-11-11 02:17:41,645 truck : 16.23%
2020-11-11 02:17:41,645 bus : 8.90%
2020-11-11 02:17:41,645 person : 36.56%
2020-11-11 02:17:41,645 bicyclist : 28.29%
2020-11-11 02:17:41,645 motorcyclist : 0.00%
2020-11-11 02:17:41,645 road : 92.31%
2020-11-11 02:17:41,645 parking : 36.54%
2020-11-11 02:17:41,645 sidewalk : 73.57%
2020-11-11 02:17:41,645 other-ground : 0.72%
2020-11-11 02:17:41,646 building : 87.47%
2020-11-11 02:17:41,646 fence : 43.38%
2020-11-11 02:17:41,646 vegetation : 82.89%
2020-11-11 02:17:41,646 trunk : 49.28%
2020-11-11 02:17:41,646 terrain : 71.28%
2020-11-11 02:17:41,646 pole : 52.39%
2020-11-11 02:17:41,646 traffic-sign : 32.03%
2020-11-11 02:17:41,647 Current val miou is 43.680 while the best val miou is 48.058
2020-11-11 02:17:41,647 Current val loss is 0.914
2020-11-11 02:17:41,647 epoch 1 iter  6435, loss: 0.772

2020-11-11 02:17:41,647 0 exceptions encountered during last training

2020-11-11 04:12:54,762 

 #### Epoch : 3


2020-11-11 04:45:04,929 Validating
2020-11-11 05:06:36,626 

Validation per class iou: 
2020-11-11 05:06:36,626 car : 91.95%
2020-11-11 05:06:36,626 bicycle : 23.83%
2020-11-11 05:06:36,626 motorcycle : 27.51%
2020-11-11 05:06:36,626 truck : 28.08%
2020-11-11 05:06:36,626 bus : 19.12%
2020-11-11 05:06:36,626 person : 47.18%
2020-11-11 05:06:36,626 bicyclist : 56.39%
2020-11-11 05:06:36,626 motorcyclist : 0.00%
2020-11-11 05:06:36,626 road : 92.97%
2020-11-11 05:06:36,626 parking : 35.67%
2020-11-11 05:06:36,626 sidewalk : 76.06%
2020-11-11 05:06:36,626 other-ground : 2.00%
2020-11-11 05:06:36,626 building : 89.34%
2020-11-11 05:06:36,626 fence : 47.12%
2020-11-11 05:06:36,626 vegetation : 85.77%
2020-11-11 05:06:36,627 trunk : 62.79%
2020-11-11 05:06:36,627 terrain : 75.25%
2020-11-11 05:06:36,627 pole : 58.06%
2020-11-11 05:06:36,627 traffic-sign : 38.76%
2020-11-11 05:06:36,848 Current val miou is 50.413 while the best val miou is 50.413
2020-11-11 05:06:36,849 Current val loss is 0.825
2020-11-11 05:06:36,849 epoch 2 iter   870, loss: 0.736

2020-11-11 05:06:36,849 0 exceptions encountered during last training

2020-11-11 07:34:09,031 Validating
2020-11-11 07:55:42,851 

Validation per class iou: 
2020-11-11 07:55:42,852 car : 90.52%
2020-11-11 07:55:42,852 bicycle : 22.37%
2020-11-11 07:55:42,852 motorcycle : 22.14%
2020-11-11 07:55:42,852 truck : 20.04%
2020-11-11 07:55:42,852 bus : 20.45%
2020-11-11 07:55:42,852 person : 44.48%
2020-11-11 07:55:42,852 bicyclist : 40.58%
2020-11-11 07:55:42,852 motorcyclist : 0.00%
2020-11-11 07:55:42,852 road : 92.86%
2020-11-11 07:55:42,852 parking : 38.98%
2020-11-11 07:55:42,852 sidewalk : 79.05%
2020-11-11 07:55:42,853 other-ground : 1.93%
2020-11-11 07:55:42,853 building : 87.62%
2020-11-11 07:55:42,853 fence : 47.08%
2020-11-11 07:55:42,853 vegetation : 85.73%
2020-11-11 07:55:42,853 trunk : 57.06%
2020-11-11 07:55:42,853 terrain : 74.83%
2020-11-11 07:55:42,853 pole : 59.04%
2020-11-11 07:55:42,853 traffic-sign : 38.45%
2020-11-11 07:55:42,853 Current val miou is 48.590 while the best val miou is 50.413
2020-11-11 07:55:42,854 Current val loss is 0.836
2020-11-11 07:55:42,854 epoch 2 iter  4870, loss: 0.713

2020-11-11 07:55:42,854 0 exceptions encountered during last training

2020-11-11 10:23:13,481 Validating
2020-11-11 10:44:42,729 

Validation per class iou: 
2020-11-11 10:44:42,749 car : 91.38%
2020-11-11 10:44:42,750 bicycle : 22.36%
2020-11-11 10:44:42,750 motorcycle : 20.71%
2020-11-11 10:44:42,750 truck : 33.14%
2020-11-11 10:44:42,750 bus : 18.59%
2020-11-11 10:44:42,750 person : 40.02%
2020-11-11 10:44:42,750 bicyclist : 50.43%
2020-11-11 10:44:42,750 motorcyclist : 0.00%
2020-11-11 10:44:42,750 road : 92.08%
2020-11-11 10:44:42,750 parking : 45.24%
2020-11-11 10:44:42,750 sidewalk : 76.94%
2020-11-11 10:44:42,750 other-ground : 2.72%
2020-11-11 10:44:42,750 building : 87.68%
2020-11-11 10:44:42,750 fence : 47.19%
2020-11-11 10:44:42,750 vegetation : 85.96%
2020-11-11 10:44:42,750 trunk : 46.40%
2020-11-11 10:44:42,750 terrain : 73.66%
2020-11-11 10:44:42,750 pole : 52.46%
2020-11-11 10:44:42,750 traffic-sign : 36.84%
2020-11-11 10:44:42,751 Current val miou is 48.621 while the best val miou is 50.413
2020-11-11 10:44:42,751 Current val loss is 0.858
2020-11-11 10:44:42,751 epoch 2 iter  8870, loss: 0.691

2020-11-11 10:44:42,751 0 exceptions encountered during last training

2020-11-11 11:10:19,790 

 #### Epoch : 4


2020-11-11 13:12:17,747 Validating
2020-11-11 13:33:49,993 

Validation per class iou: 
2020-11-11 13:33:49,993 car : 92.31%
2020-11-11 13:33:49,993 bicycle : 27.13%
2020-11-11 13:33:49,993 motorcycle : 32.29%
2020-11-11 13:33:49,994 truck : 44.42%
2020-11-11 13:33:49,994 bus : 26.98%
2020-11-11 13:33:49,994 person : 45.56%
2020-11-11 13:33:49,994 bicyclist : 56.23%
2020-11-11 13:33:49,994 motorcyclist : 0.00%
2020-11-11 13:33:49,994 road : 93.77%
2020-11-11 13:33:49,994 parking : 42.70%
2020-11-11 13:33:49,994 sidewalk : 79.18%
2020-11-11 13:33:49,994 other-ground : 5.63%
2020-11-11 13:33:49,994 building : 90.15%
2020-11-11 13:33:49,994 fence : 50.61%
2020-11-11 13:33:49,994 vegetation : 85.49%
2020-11-11 13:33:49,994 trunk : 58.78%
2020-11-11 13:33:49,994 terrain : 71.96%
2020-11-11 13:33:49,994 pole : 58.83%
2020-11-11 13:33:49,994 traffic-sign : 40.99%
2020-11-11 13:33:50,198 Current val miou is 52.790 while the best val miou is 52.790
2020-11-11 13:33:50,198 Current val loss is 0.792
2020-11-11 13:33:50,199 epoch 3 iter  3305, loss: 0.676

2020-11-11 13:33:50,199 0 exceptions encountered during last training

2020-11-11 16:01:18,461 Validating
2020-11-11 16:22:50,017 

Validation per class iou: 
2020-11-11 16:22:50,017 car : 89.87%
2020-11-11 16:22:50,017 bicycle : 23.98%
2020-11-11 16:22:50,018 motorcycle : 27.33%
2020-11-11 16:22:50,018 truck : 44.83%
2020-11-11 16:22:50,018 bus : 16.76%
2020-11-11 16:22:50,018 person : 40.67%
2020-11-11 16:22:50,018 bicyclist : 54.13%
2020-11-11 16:22:50,018 motorcyclist : 0.00%
2020-11-11 16:22:50,018 road : 92.28%
2020-11-11 16:22:50,018 parking : 40.44%
2020-11-11 16:22:50,018 sidewalk : 76.23%
2020-11-11 16:22:50,018 other-ground : 0.61%
2020-11-11 16:22:50,018 building : 88.82%
2020-11-11 16:22:50,018 fence : 43.66%
2020-11-11 16:22:50,018 vegetation : 83.40%
2020-11-11 16:22:50,018 trunk : 49.95%
2020-11-11 16:22:50,018 terrain : 71.12%
2020-11-11 16:22:50,018 pole : 56.76%
2020-11-11 16:22:50,019 traffic-sign : 37.66%
2020-11-11 16:22:50,019 Current val miou is 49.395 while the best val miou is 52.790
2020-11-11 16:22:50,019 Current val loss is 0.844
2020-11-11 16:22:50,019 epoch 3 iter  7305, loss: 0.657

2020-11-11 16:22:50,020 0 exceptions encountered during last training

2020-11-11 17:46:08,494 

 #### Epoch : 5


2020-11-11 18:50:27,388 Validating
2020-11-11 19:11:52,455 

Validation per class iou: 
2020-11-11 19:11:52,473 car : 92.10%
2020-11-11 19:11:52,473 bicycle : 29.41%
2020-11-11 19:11:52,473 motorcycle : 31.48%
2020-11-11 19:11:52,473 truck : 25.48%
2020-11-11 19:11:52,473 bus : 26.02%
2020-11-11 19:11:52,473 person : 48.07%
2020-11-11 19:11:52,473 bicyclist : 58.38%
2020-11-11 19:11:52,473 motorcyclist : 0.00%
2020-11-11 19:11:52,474 road : 92.99%
2020-11-11 19:11:52,474 parking : 45.64%
2020-11-11 19:11:52,474 sidewalk : 77.73%
2020-11-11 19:11:52,474 other-ground : 1.34%
2020-11-11 19:11:52,474 building : 88.60%
2020-11-11 19:11:52,474 fence : 49.58%
2020-11-11 19:11:52,474 vegetation : 85.67%
2020-11-11 19:11:52,474 trunk : 54.85%
2020-11-11 19:11:52,474 terrain : 73.80%
2020-11-11 19:11:52,474 pole : 55.84%
2020-11-11 19:11:52,474 traffic-sign : 40.43%
2020-11-11 19:11:52,475 Current val miou is 51.444 while the best val miou is 52.790
2020-11-11 19:11:52,475 Current val loss is 0.807
2020-11-11 19:11:52,475 epoch 4 iter  1740, loss: 0.640

2020-11-11 19:11:52,475 0 exceptions encountered during last training

2020-11-11 21:39:14,064 Validating
2020-11-11 22:00:46,530 

Validation per class iou: 
2020-11-11 22:00:46,559 car : 93.23%
2020-11-11 22:00:46,560 bicycle : 23.45%
2020-11-11 22:00:46,560 motorcycle : 40.68%
2020-11-11 22:00:46,560 truck : 35.80%
2020-11-11 22:00:46,560 bus : 30.67%
2020-11-11 22:00:46,560 person : 55.74%
2020-11-11 22:00:46,560 bicyclist : 67.00%
2020-11-11 22:00:46,560 motorcyclist : 0.00%
2020-11-11 22:00:46,560 road : 93.66%
2020-11-11 22:00:46,560 parking : 43.00%
2020-11-11 22:00:46,560 sidewalk : 79.56%
2020-11-11 22:00:46,560 other-ground : 4.10%
2020-11-11 22:00:46,560 building : 88.75%
2020-11-11 22:00:46,560 fence : 46.95%
2020-11-11 22:00:46,560 vegetation : 85.38%
2020-11-11 22:00:46,560 trunk : 56.49%
2020-11-11 22:00:46,560 terrain : 71.36%
2020-11-11 22:00:46,560 pole : 60.84%
2020-11-11 22:00:46,560 traffic-sign : 40.86%
2020-11-11 22:00:46,710 Current val miou is 53.554 while the best val miou is 53.554
2020-11-11 22:00:46,710 Current val loss is 0.800
2020-11-11 22:00:46,711 epoch 4 iter  5740, loss: 0.633

2020-11-11 22:00:46,711 0 exceptions encountered during last training

