2020-11-13 19:03:13,444 train_exp4_polarBEV_CircularSalsaNext_NoLovaz.py
2020-11-13 19:03:13,444 Namespace(check_iter=4000, data_dir='../dataset', grid_size=[480, 360, 32], model='polar', model_save_path='./SemKITTI_PolarSeg_Exp4.pt', train_batch_size=2, val_batch_size=4)
2020-11-13 19:03:13,444  

Model : polar


2020-11-13 19:03:13,444 Cicular SalsaNext
2020-11-13 19:03:17,995 Polar Dataloader
2020-11-13 19:03:17,996 

 #### Epoch : 1


2020-11-13 19:03:20,240 Validating
2020-11-13 19:25:18,203 

Validation per class iou: 
2020-11-13 19:25:18,204 car : 3.99%
2020-11-13 19:25:18,204 bicycle : 0.00%
2020-11-13 19:25:18,204 motorcycle : 0.01%
2020-11-13 19:25:18,204 truck : 0.02%
2020-11-13 19:25:18,204 bus : 0.84%
2020-11-13 19:25:18,204 person : 0.01%
2020-11-13 19:25:18,204 bicyclist : 0.00%
2020-11-13 19:25:18,204 motorcyclist : 0.00%
2020-11-13 19:25:18,204 road : 0.11%
2020-11-13 19:25:18,204 parking : 0.95%
2020-11-13 19:25:18,205 sidewalk : 0.33%
2020-11-13 19:25:18,205 other-ground : 0.00%
2020-11-13 19:25:18,205 building : 4.07%
2020-11-13 19:25:18,205 fence : 1.57%
2020-11-13 19:25:18,205 vegetation : 0.66%
2020-11-13 19:25:18,205 trunk : 0.79%
2020-11-13 19:25:18,205 terrain : 0.01%
2020-11-13 19:25:18,205 pole : 0.30%
2020-11-13 19:25:18,205 traffic-sign : 0.02%
2020-11-13 19:25:18,283 Current val miou is 0.720 while the best val miou is 0.720
2020-11-13 19:25:18,284 Current val loss is 2.939
2020-11-13 19:25:18,284 epoch 0 iter     0, loss: nan

2020-11-13 19:25:18,284 0 exceptions encountered during last training

2020-11-13 21:15:52,678 Validating
2020-11-13 21:37:37,587 

Validation per class iou: 
2020-11-13 21:37:37,602 car : 84.67%
2020-11-13 21:37:37,602 bicycle : 0.03%
2020-11-13 21:37:37,602 motorcycle : 0.00%
2020-11-13 21:37:37,602 truck : 1.57%
2020-11-13 21:37:37,603 bus : 1.29%
2020-11-13 21:37:37,603 person : 0.34%
2020-11-13 21:37:37,603 bicyclist : 6.68%
2020-11-13 21:37:37,603 motorcyclist : 0.00%
2020-11-13 21:37:37,603 road : 88.91%
2020-11-13 21:37:37,603 parking : 17.52%
2020-11-13 21:37:37,603 sidewalk : 68.96%
2020-11-13 21:37:37,603 other-ground : 0.04%
2020-11-13 21:37:37,603 building : 80.79%
2020-11-13 21:37:37,603 fence : 26.89%
2020-11-13 21:37:37,603 vegetation : 75.24%
2020-11-13 21:37:37,603 trunk : 35.14%
2020-11-13 21:37:37,603 terrain : 52.95%
2020-11-13 21:37:37,603 pole : 32.80%
2020-11-13 21:37:37,603 traffic-sign : 15.73%
2020-11-13 21:37:37,923 Current val miou is 31.029 while the best val miou is 31.029
2020-11-13 21:37:37,923 Current val loss is 0.558
2020-11-13 21:37:37,924 epoch 0 iter  4000, loss: 0.629

2020-11-13 21:37:37,924 0 exceptions encountered during last training

2020-11-13 23:28:56,472 Validating
2020-11-13 23:50:40,206 

Validation per class iou: 
2020-11-13 23:50:40,206 car : 85.96%
2020-11-13 23:50:40,206 bicycle : 1.43%
2020-11-13 23:50:40,206 motorcycle : 0.40%
2020-11-13 23:50:40,206 truck : 4.33%
2020-11-13 23:50:40,206 bus : 1.33%
2020-11-13 23:50:40,206 person : 5.03%
2020-11-13 23:50:40,206 bicyclist : 17.65%
2020-11-13 23:50:40,206 motorcyclist : 0.00%
2020-11-13 23:50:40,206 road : 90.52%
2020-11-13 23:50:40,206 parking : 29.40%
2020-11-13 23:50:40,206 sidewalk : 71.60%
2020-11-13 23:50:40,206 other-ground : 0.40%
2020-11-13 23:50:40,206 building : 87.49%
2020-11-13 23:50:40,206 fence : 42.58%
2020-11-13 23:50:40,206 vegetation : 85.05%
2020-11-13 23:50:40,206 trunk : 41.03%
2020-11-13 23:50:40,207 terrain : 71.18%
2020-11-13 23:50:40,207 pole : 43.82%
2020-11-13 23:50:40,207 traffic-sign : 28.02%
2020-11-13 23:50:41,316 Current val miou is 37.222 while the best val miou is 37.222
2020-11-13 23:50:41,317 Current val loss is 0.377
2020-11-13 23:50:41,317 epoch 0 iter  8000, loss: 0.424

2020-11-13 23:50:41,318 0 exceptions encountered during last training

2020-11-14 00:34:10,522 

 #### Epoch : 2


2020-11-14 01:42:12,281 Validating
2020-11-14 02:04:04,699 

Validation per class iou: 
2020-11-14 02:04:04,699 car : 86.22%
2020-11-14 02:04:04,700 bicycle : 5.36%
2020-11-14 02:04:04,700 motorcycle : 0.22%
2020-11-14 02:04:04,700 truck : 8.11%
2020-11-14 02:04:04,700 bus : 2.26%
2020-11-14 02:04:04,700 person : 7.42%
2020-11-14 02:04:04,700 bicyclist : 15.95%
2020-11-14 02:04:04,700 motorcyclist : 0.00%
2020-11-14 02:04:04,700 road : 91.43%
2020-11-14 02:04:04,700 parking : 33.52%
2020-11-14 02:04:04,700 sidewalk : 74.51%
2020-11-14 02:04:04,700 other-ground : 0.54%
2020-11-14 02:04:04,700 building : 74.28%
2020-11-14 02:04:04,700 fence : 33.80%
2020-11-14 02:04:04,700 vegetation : 84.68%
2020-11-14 02:04:04,700 trunk : 42.45%
2020-11-14 02:04:04,700 terrain : 70.68%
2020-11-14 02:04:04,700 pole : 43.89%
2020-11-14 02:04:04,700 traffic-sign : 28.61%
2020-11-14 02:04:04,701 Current val miou is 37.050 while the best val miou is 37.222
2020-11-14 02:04:04,701 Current val loss is 0.407
2020-11-14 02:04:04,702 epoch 1 iter  2435, loss: 0.365

2020-11-14 02:04:04,702 0 exceptions encountered during last training

2020-11-14 03:55:38,734 Validating
2020-11-14 04:17:26,636 

Validation per class iou: 
2020-11-14 04:17:26,658 car : 89.29%
2020-11-14 04:17:26,658 bicycle : 2.08%
2020-11-14 04:17:26,658 motorcycle : 2.70%
2020-11-14 04:17:26,658 truck : 26.76%
2020-11-14 04:17:26,658 bus : 17.09%
2020-11-14 04:17:26,658 person : 15.97%
2020-11-14 04:17:26,658 bicyclist : 28.26%
2020-11-14 04:17:26,659 motorcyclist : 0.00%
2020-11-14 04:17:26,659 road : 92.70%
2020-11-14 04:17:26,659 parking : 38.65%
2020-11-14 04:17:26,659 sidewalk : 77.09%
2020-11-14 04:17:26,659 other-ground : 0.81%
2020-11-14 04:17:26,659 building : 88.64%
2020-11-14 04:17:26,659 fence : 47.10%
2020-11-14 04:17:26,659 vegetation : 86.18%
2020-11-14 04:17:26,659 trunk : 55.83%
2020-11-14 04:17:26,659 terrain : 74.89%
2020-11-14 04:17:26,659 pole : 52.39%
2020-11-14 04:17:26,659 traffic-sign : 31.82%
2020-11-14 04:17:26,893 Current val miou is 43.592 while the best val miou is 43.592
2020-11-14 04:17:26,894 Current val loss is 0.328
2020-11-14 04:17:26,895 epoch 1 iter  6435, loss: 0.339

2020-11-14 04:17:26,895 0 exceptions encountered during last training

2020-11-14 05:44:34,120 

 #### Epoch : 3


2020-11-14 06:08:59,470 Validating
2020-11-14 06:31:00,716 

Validation per class iou: 
2020-11-14 06:31:00,749 car : 88.83%
2020-11-14 06:31:00,749 bicycle : 2.50%
2020-11-14 06:31:00,749 motorcycle : 8.16%
2020-11-14 06:31:00,749 truck : 17.55%
2020-11-14 06:31:00,749 bus : 3.95%
2020-11-14 06:31:00,749 person : 23.13%
2020-11-14 06:31:00,749 bicyclist : 46.16%
2020-11-14 06:31:00,749 motorcyclist : 0.00%
2020-11-14 06:31:00,749 road : 92.89%
2020-11-14 06:31:00,749 parking : 36.91%
2020-11-14 06:31:00,749 sidewalk : 74.69%
2020-11-14 06:31:00,749 other-ground : 1.73%
2020-11-14 06:31:00,750 building : 86.84%
2020-11-14 06:31:00,750 fence : 46.08%
2020-11-14 06:31:00,750 vegetation : 75.73%
2020-11-14 06:31:00,750 trunk : 56.44%
2020-11-14 06:31:00,750 terrain : 61.44%
2020-11-14 06:31:00,750 pole : 54.57%
2020-11-14 06:31:00,750 traffic-sign : 29.28%
2020-11-14 06:31:00,750 Current val miou is 42.467 while the best val miou is 43.592
2020-11-14 06:31:00,751 Current val loss is 0.469
2020-11-14 06:31:00,751 epoch 2 iter   870, loss: 0.315

2020-11-14 06:31:00,751 0 exceptions encountered during last training

2020-11-14 08:22:35,675 Validating
2020-11-14 08:44:27,987 

Validation per class iou: 
2020-11-14 08:44:28,017 car : 90.74%
2020-11-14 08:44:28,018 bicycle : 5.05%
2020-11-14 08:44:28,018 motorcycle : 8.74%
2020-11-14 08:44:28,018 truck : 33.93%
2020-11-14 08:44:28,018 bus : 7.83%
2020-11-14 08:44:28,018 person : 19.60%
2020-11-14 08:44:28,018 bicyclist : 49.50%
2020-11-14 08:44:28,018 motorcyclist : 0.00%
2020-11-14 08:44:28,018 road : 93.60%
2020-11-14 08:44:28,018 parking : 39.97%
2020-11-14 08:44:28,018 sidewalk : 79.20%
2020-11-14 08:44:28,018 other-ground : 1.60%
2020-11-14 08:44:28,018 building : 90.31%
2020-11-14 08:44:28,019 fence : 47.80%
2020-11-14 08:44:28,019 vegetation : 83.59%
2020-11-14 08:44:28,019 trunk : 50.86%
2020-11-14 08:44:28,019 terrain : 66.37%
2020-11-14 08:44:28,019 pole : 54.31%
2020-11-14 08:44:28,019 traffic-sign : 31.21%
2020-11-14 08:44:28,222 Current val miou is 44.958 while the best val miou is 44.958
2020-11-14 08:44:28,222 Current val loss is 0.349
2020-11-14 08:44:28,223 epoch 2 iter  4870, loss: 0.304

2020-11-14 08:44:28,223 0 exceptions encountered during last training

2020-11-14 10:35:42,727 Validating
2020-11-14 10:57:40,518 

Validation per class iou: 
2020-11-14 10:57:40,544 car : 88.28%
2020-11-14 10:57:40,544 bicycle : 11.67%
2020-11-14 10:57:40,545 motorcycle : 8.42%
2020-11-14 10:57:40,545 truck : 36.82%
2020-11-14 10:57:40,545 bus : 16.60%
2020-11-14 10:57:40,545 person : 21.37%
2020-11-14 10:57:40,545 bicyclist : 23.33%
2020-11-14 10:57:40,545 motorcyclist : 0.00%
2020-11-14 10:57:40,545 road : 90.22%
2020-11-14 10:57:40,545 parking : 35.27%
2020-11-14 10:57:40,545 sidewalk : 73.43%
2020-11-14 10:57:40,545 other-ground : 0.44%
2020-11-14 10:57:40,545 building : 88.07%
2020-11-14 10:57:40,545 fence : 44.45%
2020-11-14 10:57:40,545 vegetation : 84.70%
2020-11-14 10:57:40,545 trunk : 40.91%
2020-11-14 10:57:40,545 terrain : 72.57%
2020-11-14 10:57:40,545 pole : 48.24%
2020-11-14 10:57:40,545 traffic-sign : 31.65%
2020-11-14 10:57:40,546 Current val miou is 42.971 while the best val miou is 44.958
2020-11-14 10:57:40,546 Current val loss is 0.365
2020-11-14 10:57:40,546 epoch 2 iter  8870, loss: 0.292

2020-11-14 10:57:40,546 0 exceptions encountered during last training

2020-11-14 11:16:59,617 

 #### Epoch : 4


2020-11-14 12:49:11,833 Validating
2020-11-14 13:11:00,451 

Validation per class iou: 
2020-11-14 13:11:00,478 car : 91.28%
2020-11-14 13:11:00,478 bicycle : 10.07%
2020-11-14 13:11:00,478 motorcycle : 17.79%
2020-11-14 13:11:00,478 truck : 22.88%
2020-11-14 13:11:00,479 bus : 5.74%
2020-11-14 13:11:00,479 person : 23.63%
2020-11-14 13:11:00,479 bicyclist : 45.18%
2020-11-14 13:11:00,479 motorcyclist : 0.00%
2020-11-14 13:11:00,479 road : 92.80%
2020-11-14 13:11:00,479 parking : 42.02%
2020-11-14 13:11:00,479 sidewalk : 79.09%
2020-11-14 13:11:00,479 other-ground : 0.80%
2020-11-14 13:11:00,479 building : 90.43%
2020-11-14 13:11:00,479 fence : 50.85%
2020-11-14 13:11:00,479 vegetation : 85.25%
2020-11-14 13:11:00,479 trunk : 52.78%
2020-11-14 13:11:00,479 terrain : 71.78%
2020-11-14 13:11:00,479 pole : 53.89%
2020-11-14 13:11:00,479 traffic-sign : 28.05%
2020-11-14 13:11:00,695 Current val miou is 45.491 while the best val miou is 45.491
2020-11-14 13:11:00,695 Current val loss is 0.317
2020-11-14 13:11:00,695 epoch 3 iter  3305, loss: 0.277

2020-11-14 13:11:00,695 0 exceptions encountered during last training

2020-11-14 15:02:44,523 Validating
2020-11-14 15:24:44,031 

Validation per class iou: 
2020-11-14 15:24:44,078 car : 90.79%
2020-11-14 15:24:44,078 bicycle : 4.38%
2020-11-14 15:24:44,078 motorcycle : 9.75%
2020-11-14 15:24:44,078 truck : 16.86%
2020-11-14 15:24:44,078 bus : 7.53%
2020-11-14 15:24:44,078 person : 27.97%
2020-11-14 15:24:44,078 bicyclist : 40.89%
2020-11-14 15:24:44,078 motorcyclist : 0.00%
2020-11-14 15:24:44,078 road : 93.09%
2020-11-14 15:24:44,078 parking : 44.75%
2020-11-14 15:24:44,078 sidewalk : 78.86%
2020-11-14 15:24:44,078 other-ground : 1.30%
2020-11-14 15:24:44,078 building : 89.74%
2020-11-14 15:24:44,078 fence : 48.14%
2020-11-14 15:24:44,078 vegetation : 85.23%
2020-11-14 15:24:44,078 trunk : 53.10%
2020-11-14 15:24:44,079 terrain : 70.51%
2020-11-14 15:24:44,079 pole : 56.28%
2020-11-14 15:24:44,079 traffic-sign : 33.72%
2020-11-14 15:24:44,079 Current val miou is 44.889 while the best val miou is 45.491
2020-11-14 15:24:44,079 Current val loss is 0.321
2020-11-14 15:24:44,080 epoch 3 iter  7305, loss: 0.272

2020-11-14 15:24:44,080 0 exceptions encountered during last training

2020-11-14 16:27:53,725 

 #### Epoch : 5


2020-11-14 17:16:44,542 Validating
2020-11-14 17:38:51,557 

Validation per class iou: 
2020-11-14 17:38:51,558 car : 89.78%
2020-11-14 17:38:51,558 bicycle : 3.57%
2020-11-14 17:38:51,558 motorcycle : 6.55%
2020-11-14 17:38:51,558 truck : 31.44%
2020-11-14 17:38:51,558 bus : 4.33%
2020-11-14 17:38:51,558 person : 21.79%
2020-11-14 17:38:51,558 bicyclist : 43.12%
2020-11-14 17:38:51,558 motorcyclist : 0.00%
2020-11-14 17:38:51,558 road : 93.13%
2020-11-14 17:38:51,558 parking : 43.25%
2020-11-14 17:38:51,558 sidewalk : 77.38%
2020-11-14 17:38:51,558 other-ground : 1.30%
2020-11-14 17:38:51,558 building : 89.21%
2020-11-14 17:38:51,558 fence : 51.69%
2020-11-14 17:38:51,558 vegetation : 86.51%
2020-11-14 17:38:51,558 trunk : 48.94%
2020-11-14 17:38:51,559 terrain : 75.07%
2020-11-14 17:38:51,559 pole : 51.17%
2020-11-14 17:38:51,559 traffic-sign : 29.05%
2020-11-14 17:38:51,559 Current val miou is 44.594 while the best val miou is 45.491
2020-11-14 17:38:51,559 Current val loss is 0.322
2020-11-14 17:38:51,560 epoch 4 iter  1740, loss: 0.259

2020-11-14 17:38:51,560 0 exceptions encountered during last training

2020-11-14 19:30:48,897 Validating
2020-11-14 19:52:51,412 

Validation per class iou: 
2020-11-14 19:52:51,471 car : 92.13%
2020-11-14 19:52:51,471 bicycle : 10.07%
2020-11-14 19:52:51,471 motorcycle : 18.28%
2020-11-14 19:52:51,471 truck : 23.83%
2020-11-14 19:52:51,471 bus : 25.52%
2020-11-14 19:52:51,471 person : 35.38%
2020-11-14 19:52:51,471 bicyclist : 41.41%
2020-11-14 19:52:51,471 motorcyclist : 0.00%
2020-11-14 19:52:51,471 road : 93.27%
2020-11-14 19:52:51,471 parking : 42.18%
2020-11-14 19:52:51,471 sidewalk : 79.46%
2020-11-14 19:52:51,471 other-ground : 0.69%
2020-11-14 19:52:51,472 building : 90.22%
2020-11-14 19:52:51,472 fence : 48.04%
2020-11-14 19:52:51,472 vegetation : 85.75%
2020-11-14 19:52:51,472 trunk : 50.18%
2020-11-14 19:52:51,472 terrain : 72.66%
2020-11-14 19:52:51,472 pole : 56.86%
2020-11-14 19:52:51,472 traffic-sign : 31.04%
2020-11-14 19:52:51,670 Current val miou is 47.209 while the best val miou is 47.209
2020-11-14 19:52:51,671 Current val loss is 0.313
2020-11-14 19:52:51,672 epoch 4 iter  5740, loss: 0.258

2020-11-14 19:52:51,672 0 exceptions encountered during last training

