2020-12-04 00:41:52,105 train_exp_wce.py
2020-12-04 00:41:52,105 Namespace(check_iter=4000, data_dir='../dataset', grid_size=[480, 360, 32], model='polar', model_save_path='./SemKITTI_PolarSeg_wce.pt', train_batch_size=2, val_batch_size=4)
2020-12-04 00:41:52,106  

Model : polar


2020-12-04 00:41:56,275 

 #### Epoch : 1


2020-12-04 00:41:58,324 Validating
2020-12-04 01:04:47,051 

Validation per class iou: 
2020-12-04 01:04:47,052 car : 1.83%
2020-12-04 01:04:47,052 bicycle : 0.06%
2020-12-04 01:04:47,052 motorcycle : 0.00%
2020-12-04 01:04:47,052 truck : 0.00%
2020-12-04 01:04:47,052 bus : 0.71%
2020-12-04 01:04:47,052 person : 0.07%
2020-12-04 01:04:47,052 bicyclist : 0.02%
2020-12-04 01:04:47,052 motorcyclist : 0.01%
2020-12-04 01:04:47,053 road : 0.00%
2020-12-04 01:04:47,053 parking : 0.00%
2020-12-04 01:04:47,053 sidewalk : 0.06%
2020-12-04 01:04:47,053 other-ground : 0.08%
2020-12-04 01:04:47,053 building : 0.00%
2020-12-04 01:04:47,053 fence : 3.45%
2020-12-04 01:04:47,053 vegetation : 0.77%
2020-12-04 01:04:47,053 trunk : 0.69%
2020-12-04 01:04:47,053 terrain : 3.09%
2020-12-04 01:04:47,053 pole : 0.57%
2020-12-04 01:04:47,053 traffic-sign : 0.05%
2020-12-04 01:04:47,221 Current val miou is 0.603 while the best val miou is 0.603
2020-12-04 01:04:47,221 Current val loss is 3.900
2020-12-04 01:04:47,221 epoch 0 iter     0, loss: nan

2020-12-04 01:04:47,221 0 exceptions encountered during last training

2020-12-04 03:04:15,236 Validating
2020-12-04 03:27:23,958 

Validation per class iou: 
2020-12-04 03:27:23,958 car : 79.87%
2020-12-04 03:27:23,958 bicycle : 8.97%
2020-12-04 03:27:23,959 motorcycle : 7.78%
2020-12-04 03:27:23,959 truck : 5.64%
2020-12-04 03:27:23,959 bus : 13.28%
2020-12-04 03:27:23,959 person : 12.46%
2020-12-04 03:27:23,959 bicyclist : 26.82%
2020-12-04 03:27:23,959 motorcyclist : 0.00%
2020-12-04 03:27:23,959 road : 80.16%
2020-12-04 03:27:23,959 parking : 14.39%
2020-12-04 03:27:23,959 sidewalk : 60.42%
2020-12-04 03:27:23,959 other-ground : 0.56%
2020-12-04 03:27:23,959 building : 76.15%
2020-12-04 03:27:23,959 fence : 21.53%
2020-12-04 03:27:23,959 vegetation : 75.12%
2020-12-04 03:27:23,959 trunk : 49.51%
2020-12-04 03:27:23,959 terrain : 67.76%
2020-12-04 03:27:23,959 pole : 42.64%
2020-12-04 03:27:23,959 traffic-sign : 23.78%
2020-12-04 03:27:24,393 Current val miou is 35.096 while the best val miou is 35.096
2020-12-04 03:27:24,393 Current val loss is 1.697
2020-12-04 03:27:24,394 epoch 0 iter  4000, loss: 1.969

2020-12-04 03:27:24,394 0 exceptions encountered during last training

2020-12-04 05:26:59,849 Validating
2020-12-04 05:50:03,293 

Validation per class iou: 
2020-12-04 05:50:03,293 car : 85.62%
2020-12-04 05:50:03,294 bicycle : 15.67%
2020-12-04 05:50:03,294 motorcycle : 16.34%
2020-12-04 05:50:03,294 truck : 18.73%
2020-12-04 05:50:03,294 bus : 14.96%
2020-12-04 05:50:03,294 person : 20.75%
2020-12-04 05:50:03,294 bicyclist : 29.12%
2020-12-04 05:50:03,294 motorcyclist : 0.00%
2020-12-04 05:50:03,294 road : 85.01%
2020-12-04 05:50:03,294 parking : 19.03%
2020-12-04 05:50:03,294 sidewalk : 67.19%
2020-12-04 05:50:03,294 other-ground : 0.39%
2020-12-04 05:50:03,294 building : 80.73%
2020-12-04 05:50:03,294 fence : 24.40%
2020-12-04 05:50:03,294 vegetation : 71.34%
2020-12-04 05:50:03,294 trunk : 50.88%
2020-12-04 05:50:03,294 terrain : 64.39%
2020-12-04 05:50:03,294 pole : 44.06%
2020-12-04 05:50:03,294 traffic-sign : 21.65%
2020-12-04 05:50:03,450 Current val miou is 38.433 while the best val miou is 38.433
2020-12-04 05:50:03,451 Current val loss is 1.576
2020-12-04 05:50:03,451 epoch 0 iter  8000, loss: 1.443

2020-12-04 05:50:03,451 0 exceptions encountered during last training

2020-12-04 06:36:51,245 

 #### Epoch : 2


2020-12-04 07:50:00,195 Validating
2020-12-04 08:13:04,517 

Validation per class iou: 
2020-12-04 08:13:04,517 car : 87.62%
2020-12-04 08:13:04,517 bicycle : 13.10%
2020-12-04 08:13:04,517 motorcycle : 24.69%
2020-12-04 08:13:04,517 truck : 20.55%
2020-12-04 08:13:04,517 bus : 15.31%
2020-12-04 08:13:04,517 person : 14.61%
2020-12-04 08:13:04,517 bicyclist : 45.95%
2020-12-04 08:13:04,517 motorcyclist : 0.00%
2020-12-04 08:13:04,517 road : 88.03%
2020-12-04 08:13:04,517 parking : 26.00%
2020-12-04 08:13:04,517 sidewalk : 71.27%
2020-12-04 08:13:04,517 other-ground : 0.55%
2020-12-04 08:13:04,517 building : 84.90%
2020-12-04 08:13:04,518 fence : 26.76%
2020-12-04 08:13:04,518 vegetation : 70.67%
2020-12-04 08:13:04,518 trunk : 49.38%
2020-12-04 08:13:04,518 terrain : 69.31%
2020-12-04 08:13:04,518 pole : 48.87%
2020-12-04 08:13:04,518 traffic-sign : 29.88%
2020-12-04 08:13:04,769 Current val miou is 41.446 while the best val miou is 41.446
2020-12-04 08:13:04,769 Current val loss is 1.371
2020-12-04 08:13:04,769 epoch 1 iter  2435, loss: 1.249

2020-12-04 08:13:04,769 0 exceptions encountered during last training

2020-12-04 10:12:48,049 Validating
2020-12-04 10:35:55,044 

Validation per class iou: 
2020-12-04 10:35:55,067 car : 86.06%
2020-12-04 10:35:55,067 bicycle : 22.62%
2020-12-04 10:35:55,067 motorcycle : 23.92%
2020-12-04 10:35:55,067 truck : 10.97%
2020-12-04 10:35:55,067 bus : 18.93%
2020-12-04 10:35:55,067 person : 23.64%
2020-12-04 10:35:55,067 bicyclist : 39.62%
2020-12-04 10:35:55,068 motorcyclist : 1.25%
2020-12-04 10:35:55,068 road : 83.37%
2020-12-04 10:35:55,068 parking : 21.81%
2020-12-04 10:35:55,068 sidewalk : 68.87%
2020-12-04 10:35:55,068 other-ground : 0.63%
2020-12-04 10:35:55,068 building : 83.48%
2020-12-04 10:35:55,068 fence : 27.75%
2020-12-04 10:35:55,068 vegetation : 77.00%
2020-12-04 10:35:55,068 trunk : 45.89%
2020-12-04 10:35:55,068 terrain : 69.36%
2020-12-04 10:35:55,068 pole : 37.34%
2020-12-04 10:35:55,068 traffic-sign : 26.41%
2020-12-04 10:35:55,069 Current val miou is 40.470 while the best val miou is 41.446
2020-12-04 10:35:55,069 Current val loss is 1.429
2020-12-04 10:35:55,069 epoch 1 iter  6435, loss: 1.171

2020-12-04 10:35:55,069 0 exceptions encountered during last training

2020-12-04 12:09:35,535 

 #### Epoch : 3


2020-12-04 12:35:44,452 Validating
2020-12-04 12:58:51,752 

Validation per class iou: 
2020-12-04 12:58:51,752 car : 86.73%
2020-12-04 12:58:51,752 bicycle : 20.14%
2020-12-04 12:58:51,752 motorcycle : 26.23%
2020-12-04 12:58:51,752 truck : 10.86%
2020-12-04 12:58:51,752 bus : 15.09%
2020-12-04 12:58:51,752 person : 31.18%
2020-12-04 12:58:51,752 bicyclist : 56.71%
2020-12-04 12:58:51,752 motorcyclist : 1.24%
2020-12-04 12:58:51,752 road : 89.59%
2020-12-04 12:58:51,752 parking : 26.06%
2020-12-04 12:58:51,752 sidewalk : 69.47%
2020-12-04 12:58:51,752 other-ground : 0.42%
2020-12-04 12:58:51,753 building : 84.95%
2020-12-04 12:58:51,753 fence : 37.51%
2020-12-04 12:58:51,753 vegetation : 80.57%
2020-12-04 12:58:51,753 trunk : 59.27%
2020-12-04 12:58:51,753 terrain : 69.65%
2020-12-04 12:58:51,753 pole : 51.07%
2020-12-04 12:58:51,753 traffic-sign : 32.95%
2020-12-04 12:58:51,996 Current val miou is 44.719 while the best val miou is 44.719
2020-12-04 12:58:51,997 Current val loss is 1.353
2020-12-04 12:58:51,997 epoch 2 iter   870, loss: 1.071

2020-12-04 12:58:51,997 0 exceptions encountered during last training

2020-12-04 14:58:36,511 Validating
2020-12-04 15:21:43,703 

Validation per class iou: 
2020-12-04 15:21:43,704 car : 85.90%
2020-12-04 15:21:43,704 bicycle : 19.94%
2020-12-04 15:21:43,704 motorcycle : 32.73%
2020-12-04 15:21:43,704 truck : 9.61%
2020-12-04 15:21:43,704 bus : 18.89%
2020-12-04 15:21:43,704 person : 30.31%
2020-12-04 15:21:43,704 bicyclist : 59.69%
2020-12-04 15:21:43,704 motorcyclist : 0.61%
2020-12-04 15:21:43,704 road : 89.50%
2020-12-04 15:21:43,704 parking : 32.01%
2020-12-04 15:21:43,704 sidewalk : 72.41%
2020-12-04 15:21:43,704 other-ground : 1.04%
2020-12-04 15:21:43,704 building : 87.18%
2020-12-04 15:21:43,705 fence : 38.03%
2020-12-04 15:21:43,705 vegetation : 82.70%
2020-12-04 15:21:43,705 trunk : 58.00%
2020-12-04 15:21:43,705 terrain : 71.54%
2020-12-04 15:21:43,705 pole : 51.19%
2020-12-04 15:21:43,705 traffic-sign : 37.80%
2020-12-04 15:21:43,802 Current val miou is 46.266 while the best val miou is 46.266
2020-12-04 15:21:43,803 Current val loss is 1.333
2020-12-04 15:21:43,803 epoch 2 iter  4870, loss: 1.047

2020-12-04 15:21:43,803 0 exceptions encountered during last training

2020-12-04 17:21:30,895 Validating
2020-12-04 17:44:36,330 

Validation per class iou: 
2020-12-04 17:44:36,345 car : 89.87%
2020-12-04 17:44:36,345 bicycle : 16.12%
2020-12-04 17:44:36,345 motorcycle : 30.20%
2020-12-04 17:44:36,345 truck : 24.29%
2020-12-04 17:44:36,345 bus : 31.89%
2020-12-04 17:44:36,345 person : 25.01%
2020-12-04 17:44:36,345 bicyclist : 49.86%
2020-12-04 17:44:36,345 motorcyclist : 0.00%
2020-12-04 17:44:36,345 road : 90.46%
2020-12-04 17:44:36,345 parking : 32.29%
2020-12-04 17:44:36,345 sidewalk : 72.94%
2020-12-04 17:44:36,345 other-ground : 1.09%
2020-12-04 17:44:36,345 building : 88.23%
2020-12-04 17:44:36,345 fence : 40.37%
2020-12-04 17:44:36,345 vegetation : 81.50%
2020-12-04 17:44:36,346 trunk : 53.96%
2020-12-04 17:44:36,346 terrain : 72.88%
2020-12-04 17:44:36,346 pole : 51.14%
2020-12-04 17:44:36,346 traffic-sign : 32.22%
2020-12-04 17:44:36,572 Current val miou is 46.543 while the best val miou is 46.543
2020-12-04 17:44:36,572 Current val loss is 1.186
2020-12-04 17:44:36,573 epoch 2 iter  8870, loss: 1.002

2020-12-04 17:44:36,573 0 exceptions encountered during last training

2020-12-04 18:05:23,408 

 #### Epoch : 4


2020-12-04 19:44:32,188 Validating
2020-12-04 20:07:44,335 

Validation per class iou: 
2020-12-04 20:07:44,335 car : 90.73%
2020-12-04 20:07:44,335 bicycle : 12.57%
2020-12-04 20:07:44,335 motorcycle : 28.46%
2020-12-04 20:07:44,336 truck : 21.67%
2020-12-04 20:07:44,336 bus : 19.90%
2020-12-04 20:07:44,336 person : 29.88%
2020-12-04 20:07:44,336 bicyclist : 55.54%
2020-12-04 20:07:44,336 motorcyclist : 0.03%
2020-12-04 20:07:44,336 road : 91.17%
2020-12-04 20:07:44,336 parking : 37.93%
2020-12-04 20:07:44,336 sidewalk : 75.65%
2020-12-04 20:07:44,336 other-ground : 1.85%
2020-12-04 20:07:44,336 building : 88.24%
2020-12-04 20:07:44,336 fence : 42.77%
2020-12-04 20:07:44,336 vegetation : 84.27%
2020-12-04 20:07:44,336 trunk : 60.26%
2020-12-04 20:07:44,337 terrain : 74.08%
2020-12-04 20:07:44,337 pole : 53.40%
2020-12-04 20:07:44,337 traffic-sign : 39.16%
2020-12-04 20:07:44,522 Current val miou is 47.766 while the best val miou is 47.766
2020-12-04 20:07:44,522 Current val loss is 1.277
2020-12-04 20:07:44,523 epoch 3 iter  3305, loss: 0.962

2020-12-04 20:07:44,523 0 exceptions encountered during last training

2020-12-04 22:07:35,319 Validating
2020-12-04 22:30:48,190 

Validation per class iou: 
2020-12-04 22:30:48,190 car : 89.92%
2020-12-04 22:30:48,191 bicycle : 21.67%
2020-12-04 22:30:48,191 motorcycle : 23.94%
2020-12-04 22:30:48,191 truck : 11.34%
2020-12-04 22:30:48,191 bus : 26.10%
2020-12-04 22:30:48,191 person : 35.47%
2020-12-04 22:30:48,191 bicyclist : 53.00%
2020-12-04 22:30:48,191 motorcyclist : 0.76%
2020-12-04 22:30:48,191 road : 89.67%
2020-12-04 22:30:48,191 parking : 32.95%
2020-12-04 22:30:48,191 sidewalk : 72.74%
2020-12-04 22:30:48,191 other-ground : 0.86%
2020-12-04 22:30:48,191 building : 83.96%
2020-12-04 22:30:48,191 fence : 45.43%
2020-12-04 22:30:48,191 vegetation : 82.17%
2020-12-04 22:30:48,191 trunk : 61.33%
2020-12-04 22:30:48,191 terrain : 69.95%
2020-12-04 22:30:48,191 pole : 53.44%
2020-12-04 22:30:48,191 traffic-sign : 35.07%
2020-12-04 22:30:48,192 Current val miou is 46.830 while the best val miou is 47.766
2020-12-04 22:30:48,192 Current val loss is 1.341
2020-12-04 22:30:48,192 epoch 3 iter  7305, loss: 0.939

2020-12-04 22:30:48,192 0 exceptions encountered during last training

2020-12-04 23:38:28,999 

 #### Epoch : 5


2020-12-05 00:30:45,134 Validating
2020-12-05 00:53:45,831 

Validation per class iou: 
2020-12-05 00:53:45,831 car : 89.64%
2020-12-05 00:53:45,832 bicycle : 24.51%
2020-12-05 00:53:45,832 motorcycle : 33.80%
2020-12-05 00:53:45,832 truck : 16.55%
2020-12-05 00:53:45,832 bus : 32.44%
2020-12-05 00:53:45,832 person : 28.58%
2020-12-05 00:53:45,832 bicyclist : 57.48%
2020-12-05 00:53:45,832 motorcyclist : 2.18%
2020-12-05 00:53:45,832 road : 88.38%
2020-12-05 00:53:45,832 parking : 31.76%
2020-12-05 00:53:45,832 sidewalk : 68.05%
2020-12-05 00:53:45,832 other-ground : 0.88%
2020-12-05 00:53:45,832 building : 86.87%
2020-12-05 00:53:45,832 fence : 47.15%
2020-12-05 00:53:45,832 vegetation : 84.33%
2020-12-05 00:53:45,832 trunk : 55.07%
2020-12-05 00:53:45,832 terrain : 69.66%
2020-12-05 00:53:45,832 pole : 53.79%
2020-12-05 00:53:45,832 traffic-sign : 38.51%
2020-12-05 00:53:46,080 Current val miou is 47.877 while the best val miou is 47.877
2020-12-05 00:53:46,080 Current val loss is 1.384
2020-12-05 00:53:46,081 epoch 4 iter  1740, loss: 0.890

2020-12-05 00:53:46,081 0 exceptions encountered during last training

2020-12-05 02:53:27,472 Validating
2020-12-05 03:16:41,339 

Validation per class iou: 
2020-12-05 03:16:41,350 car : 90.65%
2020-12-05 03:16:41,350 bicycle : 19.32%
2020-12-05 03:16:41,350 motorcycle : 29.82%
2020-12-05 03:16:41,350 truck : 38.66%
2020-12-05 03:16:41,350 bus : 23.43%
2020-12-05 03:16:41,350 person : 46.11%
2020-12-05 03:16:41,350 bicyclist : 66.16%
2020-12-05 03:16:41,350 motorcyclist : 0.00%
2020-12-05 03:16:41,350 road : 91.81%
2020-12-05 03:16:41,350 parking : 39.35%
2020-12-05 03:16:41,350 sidewalk : 76.20%
2020-12-05 03:16:41,351 other-ground : 1.88%
2020-12-05 03:16:41,351 building : 88.71%
2020-12-05 03:16:41,351 fence : 41.95%
2020-12-05 03:16:41,351 vegetation : 81.39%
2020-12-05 03:16:41,351 trunk : 46.36%
2020-12-05 03:16:41,351 terrain : 72.99%
2020-12-05 03:16:41,351 pole : 48.59%
2020-12-05 03:16:41,351 traffic-sign : 37.13%
2020-12-05 03:16:41,600 Current val miou is 49.501 while the best val miou is 49.501
2020-12-05 03:16:41,600 Current val loss is 1.236
2020-12-05 03:16:41,601 epoch 4 iter  5740, loss: 0.889

2020-12-05 03:16:41,601 0 exceptions encountered during last training

